<?xml version="1.0" encoding="UTF-8"?>
<!-- Generated by org.testng.reporters.JUnitReportReporter -->
<testsuite hostname="LAPTOP-0PTKILP8" failures="0" tests="1" name="Com.MyFirst.AppTest" time="214.072" errors="0" timestamp="2022-07-05T13:45:25 IST" skipped="0">
  <testcase classname="Com.MyFirst.AppTest" name="startChromeDriver" time="214.072"/>
  <system-out/>
</testsuite> <!-- Com.MyFirst.AppTest -->
